2026-06-12T06:30:06+00:00 DEBUG Tt4b_Pixel_Class::inject_view_content_event: hit ViewContent
2026-06-12T06:30:06+00:00 DEBUG Tt4b_Pixel_Class::inject_view_content_event: Missing option "access_token"
2026-06-12T06:30:21+00:00 DEBUG Tt4b_Pixel_Class::inject_add_to_cart_event: hit AddToCart
2026-06-12T06:30:21+00:00 DEBUG Tt4b_Pixel_Class::inject_add_to_cart_event: Missing option "access_token"
2026-06-12T06:30:22+00:00 DEBUG Tt4b_Pixel_Class::inject_view_content_event: hit ViewContent
2026-06-12T06:30:22+00:00 DEBUG Tt4b_Pixel_Class::inject_view_content_event: Missing option "access_token"
2026-06-12T06:31:01+00:00 DEBUG Tt4b_Pixel_Class::inject_initiate_checkout_event: hit InitiateCheckout
2026-06-12T06:31:01+00:00 DEBUG Tt4b_Pixel_Class::inject_initiate_checkout_event: Missing option "access_token"
2026-06-12T06:33:11+00:00 DEBUG Tt4b_Pixel_Class::inject_purchase_event: hit Purchase
2026-06-12T06:33:11+00:00 DEBUG Tt4b_Pixel_Class::inject_purchase_event: Missing option "access_token"
2026-06-12T06:42:37+00:00 DEBUG Tt4b_Pixel_Class::inject_view_content_event: hit ViewContent
2026-06-12T06:42:37+00:00 DEBUG Tt4b_Pixel_Class::inject_view_content_event: Missing option "access_token"
2026-06-12T06:42:39+00:00 DEBUG Tt4b_Pixel_Class::inject_view_content_event: hit ViewContent
2026-06-12T06:42:39+00:00 DEBUG Tt4b_Pixel_Class::inject_view_content_event: Missing option "access_token"
2026-06-12T06:42:42+00:00 DEBUG Tt4b_Pixel_Class::inject_view_content_event: hit ViewContent
2026-06-12T06:42:42+00:00 DEBUG Tt4b_Pixel_Class::inject_view_content_event: Missing option "access_token"
2026-06-12T06:42:55+00:00 DEBUG Tt4b_Pixel_Class::inject_add_to_cart_event: hit AddToCart
2026-06-12T06:42:55+00:00 DEBUG Tt4b_Pixel_Class::inject_add_to_cart_event: Missing option "access_token"
2026-06-12T06:42:56+00:00 DEBUG Tt4b_Pixel_Class::inject_view_content_event: hit ViewContent
2026-06-12T06:42:56+00:00 DEBUG Tt4b_Pixel_Class::inject_view_content_event: Missing option "access_token"
2026-06-12T06:43:40+00:00 DEBUG Tt4b_Pixel_Class::inject_initiate_checkout_event: hit InitiateCheckout
2026-06-12T06:43:40+00:00 DEBUG Tt4b_Pixel_Class::inject_initiate_checkout_event: Missing option "access_token"
2026-06-12T06:44:16+00:00 DEBUG Tt4b_Pixel_Class::inject_purchase_event: hit Purchase
2026-06-12T06:44:16+00:00 DEBUG Tt4b_Pixel_Class::inject_purchase_event: Missing option "access_token"
2026-06-12T07:15:42+00:00 DEBUG Tt4b_Pixel_Class::inject_view_content_event: hit ViewContent
2026-06-12T07:15:42+00:00 DEBUG Tt4b_Pixel_Class::inject_view_content_event: Missing option "access_token"
2026-06-12T07:16:01+00:00 DEBUG Tt4b_Pixel_Class::inject_add_to_cart_event: hit AddToCart
2026-06-12T07:16:01+00:00 DEBUG Tt4b_Pixel_Class::inject_add_to_cart_event: Missing option "access_token"
2026-06-12T07:16:02+00:00 DEBUG Tt4b_Pixel_Class::inject_view_content_event: hit ViewContent
2026-06-12T07:16:02+00:00 DEBUG Tt4b_Pixel_Class::inject_view_content_event: Missing option "access_token"
2026-06-12T07:17:42+00:00 DEBUG Tt4b_Pixel_Class::inject_initiate_checkout_event: hit InitiateCheckout
2026-06-12T07:17:42+00:00 DEBUG Tt4b_Pixel_Class::inject_initiate_checkout_event: Missing option "access_token"
2026-06-12T07:23:57+00:00 DEBUG Tt4b_Pixel_Class::inject_initiate_checkout_event: hit InitiateCheckout
2026-06-12T07:23:57+00:00 DEBUG Tt4b_Pixel_Class::inject_initiate_checkout_event: Missing option "access_token"
2026-06-12T07:24:22+00:00 DEBUG Tt4b_Pixel_Class::inject_initiate_checkout_event: hit InitiateCheckout
2026-06-12T07:24:23+00:00 DEBUG Tt4b_Pixel_Class::inject_initiate_checkout_event: Missing option "access_token"
2026-06-12T07:29:56+00:00 DEBUG Tt4b_Pixel_Class::inject_initiate_checkout_event: hit InitiateCheckout
2026-06-12T07:29:56+00:00 DEBUG Tt4b_Pixel_Class::inject_initiate_checkout_event: Missing option "access_token"
2026-06-12T07:31:10+00:00 DEBUG Tt4b_Pixel_Class::inject_initiate_checkout_event: hit InitiateCheckout
2026-06-12T07:31:10+00:00 DEBUG Tt4b_Pixel_Class::inject_initiate_checkout_event: Missing option "access_token"
2026-06-12T07:32:58+00:00 DEBUG Tt4b_Pixel_Class::inject_purchase_event: hit Purchase
2026-06-12T07:32:58+00:00 DEBUG Tt4b_Pixel_Class::inject_purchase_event: Missing option "access_token"
2026-06-12T07:34:21+00:00 DEBUG Tt4b_Pixel_Class::inject_view_content_event: hit ViewContent
2026-06-12T07:34:21+00:00 DEBUG Tt4b_Pixel_Class::inject_view_content_event: Missing option "access_token"
2026-06-12T07:35:01+00:00 DEBUG Tt4b_Pixel_Class::inject_add_to_cart_event: hit AddToCart
2026-06-12T07:35:02+00:00 DEBUG Tt4b_Pixel_Class::inject_add_to_cart_event: Missing option "access_token"
2026-06-12T07:35:03+00:00 DEBUG Tt4b_Pixel_Class::inject_view_content_event: hit ViewContent
2026-06-12T07:35:03+00:00 DEBUG Tt4b_Pixel_Class::inject_view_content_event: Missing option "access_token"
2026-06-12T09:54:00+00:00 DEBUG Tt4b_Pixel_Class::inject_add_to_cart_event: hit AddToCart
2026-06-12T09:54:00+00:00 DEBUG Tt4b_Pixel_Class::inject_add_to_cart_event: Missing option "access_token"
2026-06-12T09:54:09+00:00 DEBUG Tt4b_Pixel_Class::inject_add_to_cart_event: hit AddToCart
2026-06-12T09:54:09+00:00 DEBUG Tt4b_Pixel_Class::inject_add_to_cart_event: Missing option "access_token"
2026-06-12T10:24:34+00:00 DEBUG Tt4b_Pixel_Class::inject_view_content_event: hit ViewContent
2026-06-12T10:24:35+00:00 DEBUG Tt4b_Pixel_Class::inject_view_content_event: Missing option "access_token"
2026-06-12T11:40:17+00:00 DEBUG Tt4b_Pixel_Class::inject_view_content_event: hit ViewContent
2026-06-12T11:40:17+00:00 DEBUG Tt4b_Pixel_Class::inject_view_content_event: Missing option "access_token"
2026-06-12T11:40:26+00:00 DEBUG Tt4b_Pixel_Class::inject_add_to_cart_event: hit AddToCart
2026-06-12T11:40:26+00:00 DEBUG Tt4b_Pixel_Class::inject_add_to_cart_event: Missing option "access_token"
2026-06-12T11:40:27+00:00 DEBUG Tt4b_Pixel_Class::inject_view_content_event: hit ViewContent
2026-06-12T11:40:27+00:00 DEBUG Tt4b_Pixel_Class::inject_view_content_event: Missing option "access_token"
2026-06-12T11:41:03+00:00 DEBUG Tt4b_Pixel_Class::inject_initiate_checkout_event: hit InitiateCheckout
2026-06-12T11:41:03+00:00 DEBUG Tt4b_Pixel_Class::inject_initiate_checkout_event: Missing option "access_token"
2026-06-12T11:41:38+00:00 DEBUG Tt4b_Pixel_Class::inject_purchase_event: hit Purchase
2026-06-12T11:41:38+00:00 DEBUG Tt4b_Pixel_Class::inject_purchase_event: Missing option "access_token"
