2026-06-07T10:34:59+00:00 DEBUG #5227 - [New Request] GET /wordpress/wp-admin/admin.php
2026-06-07T10:34:59+00:00 DEBUG #5227 - GET https://api.woocommerce.com/integrations/ppc/v1/customer/partners/K8SKZ36LQBWXJ/merchant-integrations/
Response: Array
(
    [code] => 404
    [message] => Not Found
)

Response Body: {"statusCode":404,"error":"Not Found","message":"Not Found"}

2026-06-07T10:34:59+00:00 WARNING #5227 - [Error] Not Found CONTEXT: {"args":{"method":"GET","headers":{"Authorization":"Bearer token","Content-Type":"application/json"}},"response":{"headers":{},"body":"{"statusCode":404,"error":"Not Found","message":"Not Found"}","response":{"code":404,"message":"Not Found"},"cookies":[],"filename":null,"http_response":{"data":null,"headers":null,"status":null}}}
2026-06-07T10:35:05+00:00 DEBUG #4349 - [New Request] GET /wordpress/index.php/wp-json/wc/v3/wc_paypal/webhooks
2026-06-07T10:35:05+00:00 DEBUG #4349 - GET https://api.woocommerce.com/integrations/ppc/v1/notifications/webhooks
Response: Array
(
    [code] => 404
    [message] => Not Found
)

Response Body: {"statusCode":404,"error":"Not Found","message":"Not Found"}

2026-06-07T10:35:36+00:00 DEBUG #3044 - [New Request] POST /wordpress/index.php/wp-json/wc/v3/wc_paypal/login_link
2026-06-07T10:35:36+00:00 INFO #3044 - Generating onboarding URL for: production-express_checkout-
2026-06-07T10:35:38+00:00 DEBUG #3044 - POST https://api.woocommerce.com/integrations/ppc/v2/customer/partner-referrals
Request Body: {"partner_config_override":{"return_url":"http:\/\/parfumku.test\/wordpress\/wp-admin\/admin.php?page=wc-settings&tab=checkout&section=ppcp-gateway&ppcpToken=eyJrIjoicHJvZHVjdGlvbi1leHByZXNzX2NoZWNrb3V0LSIsInUiOjEsImgiOiIyMWQ1ZDYwZGFmYzhmOTk0Y2M1MDI5NzZjNGVkMzQ2MSJ9","return_url_description":"Return to your shop.","show_add_credit_card":false},"products":["EXPRESS_CHECKOUT"],"legal_consents":[{"type":"SHARE_DATA_CONSENT","granted":true}],"operations":[{"operation":"API_INTEGRATION","api_integration_preference":{"rest_api_integration":{"integration_method":"PAYPAL","integration_type":"FIRST_PARTY","first_party_details":{"features":["PAYMENT","REFUND","ADVANCED_TRANSACTIONS_SEARCH","TRACKING_SHIPMENT_READWRITE","BILLING_AGREEMENT"],"seller_nonce":"a1233wtergfsdt4365tzrshgfbaewa36AGa1233wtergfsdt4365tzrshgfbaewa36AG"}}}}]}
Response Debug ID: 03d0b7002edd0
Response: Array
(
    [code] => 201
    [message] => Created
)


2026-06-07T10:35:43+00:00 DEBUG #9274 - [New Request] POST /wordpress/index.php/wp-json/wc/v3/wc_paypal/login_link
2026-06-07T10:35:43+00:00 DEBUG #3631 - Loaded onboarding URL from cache: production-express_checkout-
2026-06-07T10:35:43+00:00 INFO #9274 - Using cached onboarding URL for: production-express_checkout-
